<?xml version="1.0" encoding="UTF-8"?>
<!-- Generated by org.testng.reporters.JUnitReportReporter -->
<testsuite hostname="DESKTOP-2JJ4VBK" failures="0" tests="1" name="com.MyTests.D02_TrialTestNGClass" time="4.081" errors="0" timestamp="2025-07-09T10:10:19 IST" skipped="0">
  <testcase classname="com.MyTests.D02_TrialTestNGClass" name="testMyntra" time="4.081"/>
</testsuite> <!-- com.MyTests.D02_TrialTestNGClass -->
