<?xml version="1.0" encoding="UTF-8"?>
<!-- Generated by org.testng.reporters.JUnitReportReporter -->
<testsuite hostname="DESKTOP-2JJ4VBK" failures="0" tests="5" name="com.MyTests.D03_LoginTest" time="0.047" errors="0" timestamp="2025-07-11T09:26:58 IST" skipped="0">
  <testcase classname="com.MyTests.D03_LoginTest" name="loginTest" time="0.007"/>
  <testcase classname="com.MyTests.D03_LoginTest" name="loginTest" time="0.006"/>
  <testcase classname="com.MyTests.D03_LoginTest" name="loginTest" time="0.017"/>
  <testcase classname="com.MyTests.D03_LoginTest" name="loginTest" time="0.005"/>
  <testcase classname="com.MyTests.D03_LoginTest" name="loginTest" time="0.012"/>
</testsuite> <!-- com.MyTests.D03_LoginTest -->
